0 info it worked if it ends with ok
1 verbose cli [ 'C:\\Program Files (x86)\\nodejs\\\\node.exe',
1 verbose cli   'C:\\Program Files (x86)\\nodejs\\node_modules\\npm\\bin\\npm-cli.js',
1 verbose cli   'install',
1 verbose cli   '-g',
1 verbose cli   'phonegap',
1 verbose cli   '5.2.0' ]
2 info using npm@1.4.3
3 info using node@v0.10.26
4 verbose node symlink C:\Program Files (x86)\nodejs\\node.exe
5 verbose cache add [ 'phonegap', null ]
6 verbose cache add name=undefined spec="phonegap" args=["phonegap",null]
7 verbose parsed url { protocol: null,
7 verbose parsed url   slashes: null,
7 verbose parsed url   auth: null,
7 verbose parsed url   host: null,
7 verbose parsed url   port: null,
7 verbose parsed url   hostname: null,
7 verbose parsed url   hash: null,
7 verbose parsed url   search: null,
7 verbose parsed url   query: null,
7 verbose parsed url   pathname: 'phonegap',
7 verbose parsed url   path: 'phonegap',
7 verbose parsed url   href: 'phonegap' }
8 verbose cache add [ '5.2.0', null ]
9 verbose cache add name=undefined spec="5.2.0" args=["5.2.0",null]
10 verbose parsed url { protocol: null,
10 verbose parsed url   slashes: null,
10 verbose parsed url   auth: null,
10 verbose parsed url   host: null,
10 verbose parsed url   port: null,
10 verbose parsed url   hostname: null,
10 verbose parsed url   hash: null,
10 verbose parsed url   search: null,
10 verbose parsed url   query: null,
10 verbose parsed url   pathname: '5.2.0',
10 verbose parsed url   path: '5.2.0',
10 verbose parsed url   href: '5.2.0' }
11 silly lockFile 10db903f-phonegap phonegap
12 verbose lock phonegap C:\Users\dell\AppData\Roaming\npm-cache\10db903f-phonegap.lock
13 silly lockFile ea804c15-5-2-0 5.2.0
14 verbose lock 5.2.0 C:\Users\dell\AppData\Roaming\npm-cache\ea804c15-5-2-0.lock
15 silly lockFile 10db903f-phonegap phonegap
16 silly lockFile 10db903f-phonegap phonegap
17 silly lockFile ea804c15-5-2-0 5.2.0
18 silly lockFile ea804c15-5-2-0 5.2.0
19 verbose addNamed [ 'phonegap', '' ]
20 verbose addNamed [ null, '*' ]
21 silly lockFile 3a6257f3-phonegap phonegap@
22 verbose lock phonegap@ C:\Users\dell\AppData\Roaming\npm-cache\3a6257f3-phonegap.lock
23 verbose addNamed [ '5.2.0', '' ]
24 verbose addNamed [ null, '*' ]
25 silly lockFile c1ccc14b-5-2-0 5.2.0@
26 verbose lock 5.2.0@ C:\Users\dell\AppData\Roaming\npm-cache\c1ccc14b-5-2-0.lock
27 silly addNameRange { name: 'phonegap', range: '*', hasData: false }
28 silly addNameRange { name: '5.2.0', range: '*', hasData: false }
29 verbose url raw 5.2.0
30 verbose url resolving [ 'https://registry.npmjs.org/', './5.2.0' ]
31 verbose url resolved https://registry.npmjs.org/5.2.0
32 info trying registry request attempt 1 at 21:31:58
33 http GET https://registry.npmjs.org/5.2.0
34 verbose url raw phonegap
35 verbose url resolving [ 'https://registry.npmjs.org/', './phonegap' ]
36 verbose url resolved https://registry.npmjs.org/phonegap
37 info trying registry request attempt 1 at 21:31:58
38 verbose etag "PZ4JBILS9OF7QQ3OCLZWGVMB"
39 http GET https://registry.npmjs.org/phonegap
40 http 304 https://registry.npmjs.org/phonegap
41 silly registry.get cb [ 304,
41 silly registry.get   { date: 'Sat, 31 Oct 2015 16:01:55 GMT',
41 silly registry.get     via: '1.1 varnish',
41 silly registry.get     'cache-control': 'max-age=60',
41 silly registry.get     etag: '"PZ4JBILS9OF7QQ3OCLZWGVMB"',
41 silly registry.get     age: '0',
41 silly registry.get     connection: 'keep-alive',
41 silly registry.get     'x-served-by': 'cache-sin6926-SIN',
41 silly registry.get     'x-cache': 'HIT',
41 silly registry.get     'x-cache-hits': '1',
41 silly registry.get     'x-timer': 'S1446307315.958809,VS0,VE247',
41 silly registry.get     vary: 'Accept' } ]
42 verbose etag phonegap from cache
43 silly addNameRange number 2 { name: 'phonegap', range: '*', hasData: true }
44 silly addNameRange versions [ 'phonegap',
44 silly addNameRange   [ '0.2.0',
44 silly addNameRange     '0.2.1',
44 silly addNameRange     '0.2.2',
44 silly addNameRange     '0.3.0',
44 silly addNameRange     '0.4.0',
44 silly addNameRange     '0.4.1',
44 silly addNameRange     '0.5.0',
44 silly addNameRange     '0.6.0',
44 silly addNameRange     '0.6.1',
44 silly addNameRange     '0.7.0',
44 silly addNameRange     '0.7.1',
44 silly addNameRange     '0.7.2',
44 silly addNameRange     '0.7.3',
44 silly addNameRange     '0.7.4',
44 silly addNameRange     '0.7.5',
44 silly addNameRange     '0.7.6',
44 silly addNameRange     '0.7.7',
44 silly addNameRange     '0.7.8',
44 silly addNameRange     '0.8.0',
44 silly addNameRange     '0.8.1',
44 silly addNameRange     '0.9.0',
44 silly addNameRange     '0.9.1',
44 silly addNameRange     '0.9.2',
44 silly addNameRange     '0.9.3',
44 silly addNameRange     '0.9.4',
44 silly addNameRange     '2.8.0-0.10.0',
44 silly addNameRange     '2.8.0-0.10.1',
44 silly addNameRange     '2.8.0-0.10.2',
44 silly addNameRange     '2.8.0-0.10.3',
44 silly addNameRange     '2.8.0-0.10.4',
44 silly addNameRange     '2.8.0-0.10.6',
44 silly addNameRange     '2.8.1-0.11.0',
44 silly addNameRange     '2.9.0-0.12.2',
44 silly addNameRange     '2.9.0-0.12.3',
44 silly addNameRange     '2.9.0-0.12.4',
44 silly addNameRange     '2.9.0-0.12.5',
44 silly addNameRange     '2.9.0-0.12.6',
44 silly addNameRange     '2.9.0-0.12.7',
44 silly addNameRange     '2.9.0-0.12.8',
44 silly addNameRange     '2.9.0-rc1-0.12.0',
44 silly addNameRange     '2.9.0-rc1-0.12.1',
44 silly addNameRange     '2.9.0-rc1-0.12.2',
44 silly addNameRange     '2.9.0-0.12.9',
44 silly addNameRange     '2.9.0-0.12.10',
44 silly addNameRange     '2.9.0-0.12.11',
44 silly addNameRange     '2.9.0-0.13.0',
44 silly addNameRange     '2.9.0-0.13.1',
44 silly addNameRange     '2.9.0-0.13.2',
44 silly addNameRange     '3.0.0-rc1-0.13.2',
44 silly addNameRange     '3.0.0-rc1-0.13.3',
44 silly addNameRange     '3.0.0-0.14.0',
44 silly addNameRange     '3.0.0-0.14.1',
44 silly addNameRange     '3.0.0-0.14.2',
44 silly addNameRange     '3.0.0-0.14.3',
44 silly addNameRange     '3.0.0-0.14.4',
44 silly addNameRange     '3.1.0-0.15.0',
44 silly addNameRange     '3.2.0-0.15.0',
44 silly addNameRange     '3.2.0-0.16.0',
44 silly addNameRange     '3.2.0-0.17.0',
44 silly addNameRange     '3.2.0-0.17.1',
44 silly addNameRange     '3.3.0-0.17.1',
44 silly addNameRange     '3.3.0-0.18.0',
44 silly addNameRange     '3.3.0-0.18.1',
44 silly addNameRange     '3.3.0-0.19.0',
44 silly addNameRange     '3.3.0-0.19.1',
44 silly addNameRange     '3.3.0-0.19.2',
44 silly addNameRange     '3.3.0-0.19.3',
44 silly addNameRange     '3.3.0-0.19.4',
44 silly addNameRange     '3.3.0-0.19.5',
44 silly addNameRange     '3.3.0-0.19.6',
44 silly addNameRange     '3.4.0-0.19.7',
44 silly addNameRange     '3.4.0-0.19.8',
44 silly addNameRange     '3.4.0-0.19.9',
44 silly addNameRange     '3.4.0-0.19.10',
44 silly addNameRange     '3.4.0-0.19.11',
44 silly addNameRange     '3.4.0-0.19.12',
44 silly addNameRange     '3.4.0-0.19.13',
44 silly addNameRange     '3.4.0-0.19.14',
44 silly addNameRange     '3.4.0-0.19.15',
44 silly addNameRange     '3.4.0-0.19.16',
44 silly addNameRange     '3.4.0-0.19.17',
44 silly addNameRange     '3.4.0-0.19.18',
44 silly addNameRange     '3.4.0-0.19.19',
44 silly addNameRange     '3.4.0-0.19.20',
44 silly addNameRange     '3.4.0-0.19.21',
44 silly addNameRange     '3.4.0-0.20.0',
44 silly addNameRange     '3.5.0-0.19.23',
44 silly addNameRange     '3.5.0-0.20.0',
44 silly addNameRange     '3.5.0-0.20.1',
44 silly addNameRange     '3.5.0-0.20.3',
44 silly addNameRange     '3.5.0-0.20.4',
44 silly addNameRange     '3.5.0-0.20.5',
44 silly addNameRange     '3.5.0-0.20.6',
44 silly addNameRange     '3.5.0-0.20.7',
44 silly addNameRange     '3.5.0-0.20.9',
44 silly addNameRange     '3.5.0-0.20.10',
44 silly addNameRange     '3.5.0-0.20.14',
44 silly addNameRange     '3.5.0-0.21.14',
44 silly addNameRange     '3.5.0-0.21.15',
44 silly addNameRange     '3.5.0-0.21.16',
44 silly addNameRange     '3.5.0-0.21.17',
44 silly addNameRange     '3.5.0-0.21.18',
44 silly addNameRange     '3.6.0-0.21.18',
44 silly addNameRange     '3.6.0-0.21.19',
44 silly addNameRange     '3.6.3-0.22.0',
44 silly addNameRange     '3.6.3-0.22.1',
44 silly addNameRange     '3.6.3-0.22.2',
44 silly addNameRange     '3.6.3-0.22.3',
44 silly addNameRange     '3.6.3-0.22.4',
44 silly addNameRange     '3.6.3-0.22.5',
44 silly addNameRange     '3.6.3-0.22.6',
44 silly addNameRange     '3.6.3-0.22.7',
44 silly addNameRange     '4.0.0-0.22.7',
44 silly addNameRange     '4.1.2-0.22.7',
44 silly addNameRange     '4.1.2-0.22.8',
44 silly addNameRange     '4.1.2-0.22.9',
44 silly addNameRange     '4.1.2-0.22.10',
44 silly addNameRange     '4.1.2-0.22.11',
44 silly addNameRange     '4.1.2-0.22.12',
44 silly addNameRange     '4.2.0-0.23.0',
44 silly addNameRange     '4.2.0-0.24.0',
44 silly addNameRange     '4.2.0-0.24.1',
44 silly addNameRange     '4.2.0-0.24.2',
44 silly addNameRange     '4.2.0-0.25.0',
44 silly addNameRange     '4.2.0-0.26.0',
44 silly addNameRange     '5.0.0-0.27.0',
44 silly addNameRange     '5.0.0-0.27.1',
44 silly addNameRange     '5.0.0-0.28.0',
44 silly addNameRange     '5.0.0-0.28.1',
44 silly addNameRange     '5.1.1-0.29.0',
44 silly addNameRange     '5.1.1',
44 silly addNameRange     '5.2.0',
44 silly addNameRange     '5.2.1',
44 silly addNameRange     '5.2.2',
44 silly addNameRange     '5.2.3',
44 silly addNameRange     '5.3.1',
44 silly addNameRange     '5.3.2',
44 silly addNameRange     '5.3.3',
44 silly addNameRange     '5.3.4',
44 silly addNameRange     '5.3.5',
44 silly addNameRange     '5.3.6' ] ]
45 verbose addNamed [ 'phonegap', '5.3.6' ]
46 verbose addNamed [ '5.3.6', '5.3.6' ]
47 silly lockFile 650a522e-phonegap-5-3-6 phonegap@5.3.6
48 verbose lock phonegap@5.3.6 C:\Users\dell\AppData\Roaming\npm-cache\650a522e-phonegap-5-3-6.lock
49 silly lockFile 650a522e-phonegap-5-3-6 phonegap@5.3.6
50 silly lockFile 650a522e-phonegap-5-3-6 phonegap@5.3.6
51 silly lockFile 3a6257f3-phonegap phonegap@
52 silly lockFile 3a6257f3-phonegap phonegap@
53 http 404 https://registry.npmjs.org/5.2.0
54 silly registry.get cb [ 404,
54 silly registry.get   { 'content-type': 'application/json',
54 silly registry.get     'cache-control': 'max-age=0',
54 silly registry.get     'content-length': '2',
54 silly registry.get     'accept-ranges': 'bytes',
54 silly registry.get     date: 'Sat, 31 Oct 2015 16:01:56 GMT',
54 silly registry.get     via: '1.1 varnish',
54 silly registry.get     age: '0',
54 silly registry.get     connection: 'keep-alive',
54 silly registry.get     'x-served-by': 'cache-nrt6120-NRT',
54 silly registry.get     'x-cache': 'MISS',
54 silly registry.get     'x-cache-hits': '0',
54 silly registry.get     'x-timer': 'S1446307316.621669,VS0,VE144' } ]
55 silly addNameRange number 2 { name: '5.2.0', range: '*', hasData: true }
56 silly addNameRange versions [ undefined, [] ]
57 error TypeError: Cannot read property 'latest' of undefined
57 error     at next (C:\Program Files (x86)\nodejs\node_modules\npm\lib\cache.js:744:35)
57 error     at C:\Program Files (x86)\nodejs\node_modules\npm\lib\cache.js:732:5
57 error     at saved (C:\Program Files (x86)\nodejs\node_modules\npm\node_modules\npm-registry-client\lib\get.js:148:7)
57 error     at C:\Program Files (x86)\nodejs\node_modules\npm\node_modules\graceful-fs\polyfills.js:133:7
57 error     at Object.oncomplete (fs.js:107:15)
58 error If you need help, you may report this *entire* log,
58 error including the npm and node versions, at:
58 error     <http://github.com/npm/npm/issues>
59 error System Windows_NT 6.2.9200
60 error command "C:\\Program Files (x86)\\nodejs\\\\node.exe" "C:\\Program Files (x86)\\nodejs\\node_modules\\npm\\bin\\npm-cli.js" "install" "-g" "phonegap" "5.2.0"
61 error cwd F:\phonegap\humtum
62 error node -v v0.10.26
63 error npm -v 1.4.3
64 error type non_object_property_load
65 verbose exit [ 1, true ]
